<?xml version="1.0" encoding="UTF-8"?>
<coverage generated="1773884263457" clover="3.2.0">
  <project timestamp="1773884263457" name="All files">
    <metrics statements="188" coveredstatements="109" conditionals="94" coveredconditionals="35" methods="36" coveredmethods="12" elements="318" coveredelements="156" complexity="0" loc="188" ncloc="188" packages="1" files="1" classes="1"/>
    <file name="app.js" path="/Users/sudiptadeb/Documents/TechnicalPotpourri/GeminiConductor/Live-ISS-Tracker/public/js/app.js">
      <metrics statements="188" coveredstatements="109" conditionals="94" coveredconditionals="35" methods="36" coveredmethods="12"/>
      <line num="8" count="4" type="stmt"/>
      <line num="23" count="4" type="stmt"/>
      <line num="32" count="4" type="stmt"/>
      <line num="36" count="4" type="stmt"/>
      <line num="46" count="4" type="stmt"/>
      <line num="59" count="9" type="stmt"/>
      <line num="90" count="4" type="stmt"/>
      <line num="95" count="4" type="stmt"/>
      <line num="101" count="0" type="stmt"/>
      <line num="102" count="0" type="stmt"/>
      <line num="106" count="0" type="stmt"/>
      <line num="107" count="0" type="stmt"/>
      <line num="108" count="0" type="stmt"/>
      <line num="109" count="0" type="cond" truecount="0" falsecount="2"/>
      <line num="110" count="0" type="stmt"/>
      <line num="116" count="0" type="stmt"/>
      <line num="123" count="2" type="stmt"/>
      <line num="124" count="2" type="stmt"/>
      <line num="125" count="2" type="stmt"/>
      <line num="126" count="2" type="stmt"/>
      <line num="129" count="2" type="stmt"/>
      <line num="135" count="2" type="stmt"/>
      <line num="136" count="2" type="stmt"/>
      <line num="137" count="2" type="stmt"/>
      <line num="138" count="2" type="stmt"/>
      <line num="139" count="2" type="stmt"/>
      <line num="140" count="2" type="stmt"/>
      <line num="146" count="22" type="stmt"/>
      <line num="151" count="96" type="stmt"/>
      <line num="152" count="4" type="stmt"/>
      <line num="182" count="4" type="stmt"/>
      <line num="183" count="4" type="stmt"/>
      <line num="184" count="4" type="stmt"/>
      <line num="185" count="4" type="stmt"/>
      <line num="186" count="4" type="stmt"/>
      <line num="188" count="4" type="stmt"/>
      <line num="189" count="4" type="stmt"/>
      <line num="193" count="4" type="stmt"/>
      <line num="196" count="5" type="stmt"/>
      <line num="197" count="5" type="stmt"/>
      <line num="200" count="5" type="cond" truecount="1" falsecount="1"/>
      <line num="201" count="5" type="stmt"/>
      <line num="204" count="5" type="cond" truecount="1" falsecount="1"/>
      <line num="205" count="5" type="stmt"/>
      <line num="208" count="5" type="cond" truecount="1" falsecount="1"/>
      <line num="209" count="5" type="stmt"/>
      <line num="211" count="0" type="stmt"/>
      <line num="215" count="5" type="cond" truecount="1" falsecount="1"/>
      <line num="216" count="5" type="stmt"/>
      <line num="218" count="0" type="stmt"/>
      <line num="222" count="5" type="stmt"/>
      <line num="223" count="5" type="cond" truecount="2" falsecount="0"/>
      <line num="224" count="5" type="cond" truecount="2" falsecount="0"/>
      <line num="225" count="5" type="cond" truecount="2" falsecount="0"/>
      <line num="230" count="5" type="stmt"/>
      <line num="231" count="5" type="stmt"/>
      <line num="233" count="5" type="cond" truecount="2" falsecount="0"/>
      <line num="234" count="2" type="stmt"/>
      <line num="235" count="2" type="stmt"/>
      <line num="236" count="2" type="stmt"/>
      <line num="240" count="5" type="stmt"/>
      <line num="241" count="5" type="cond" truecount="1" falsecount="1"/>
      <line num="242" count="0" type="stmt"/>
      <line num="244" count="5" type="stmt"/>
      <line num="245" count="5" type="stmt"/>
      <line num="247" count="5" type="stmt"/>
      <line num="248" count="5" type="cond" truecount="1" falsecount="1"/>
      <line num="249" count="5" type="cond" truecount="2" falsecount="2"/>
      <line num="250" count="5" type="stmt"/>
      <line num="251" count="5" type="stmt"/>
      <line num="253" count="0" type="stmt"/>
      <line num="260" count="5" type="stmt"/>
      <line num="261" count="5" type="stmt"/>
      <line num="262" count="5" type="stmt"/>
      <line num="265" count="5" type="stmt"/>
      <line num="266" count="5" type="cond" truecount="2" falsecount="0"/>
      <line num="267" count="2" type="stmt"/>
      <line num="270" count="5" type="stmt"/>
      <line num="271" count="5" type="stmt"/>
      <line num="272" count="5" type="stmt"/>
      <line num="275" count="5" type="cond" truecount="2" falsecount="0"/>
      <line num="276" count="1" type="stmt"/>
      <line num="279" count="5" type="cond" truecount="2" falsecount="0"/>
      <line num="280" count="2" type="stmt"/>
      <line num="283" count="5" type="stmt"/>
      <line num="289" count="0" type="cond" truecount="0" falsecount="2"/>
      <line num="290" count="0" type="stmt"/>
      <line num="292" count="0" type="cond" truecount="0" falsecount="2"/>
      <line num="293" count="0" type="stmt"/>
      <line num="294" count="0" type="stmt"/>
      <line num="297" count="0" type="stmt"/>
      <line num="298" count="0" type="stmt"/>
      <line num="304" count="4" type="stmt"/>
      <line num="306" count="4" type="stmt"/>
      <line num="307" count="0" type="stmt"/>
      <line num="308" count="0" type="stmt"/>
      <line num="309" count="0" type="stmt"/>
      <line num="312" count="4" type="stmt"/>
      <line num="313" count="0" type="stmt"/>
      <line num="314" count="0" type="stmt"/>
      <line num="315" count="0" type="stmt"/>
      <line num="318" count="4" type="stmt"/>
      <line num="320" count="5" type="cond" truecount="4" falsecount="0"/>
      <line num="321" count="1" type="stmt"/>
      <line num="325" count="5" type="cond" truecount="2" falsecount="0"/>
      <line num="326" count="3" type="stmt"/>
      <line num="329" count="3" type="stmt"/>
      <line num="330" count="3" type="stmt"/>
      <line num="331" count="3" type="cond" truecount="2" falsecount="0"/>
      <line num="332" count="1" type="stmt"/>
      <line num="336" count="3" type="stmt"/>
      <line num="337" count="3" type="stmt"/>
      <line num="339" count="3" type="stmt"/>
      <line num="342" count="5" type="stmt"/>
      <line num="343" count="5" type="stmt"/>
      <line num="346" count="4" type="stmt"/>
      <line num="347" count="0" type="cond" truecount="0" falsecount="2"/>
      <line num="348" count="0" type="cond" truecount="0" falsecount="2"/>
      <line num="351" count="4" type="stmt"/>
      <line num="353" count="4" type="stmt"/>
      <line num="354" count="0" type="stmt"/>
      <line num="360" count="4" type="stmt"/>
      <line num="361" count="0" type="cond" truecount="0" falsecount="2"/>
      <line num="362" count="0" type="stmt"/>
      <line num="369" count="4" type="stmt"/>
      <line num="370" count="0" type="stmt"/>
      <line num="371" count="0" type="stmt"/>
      <line num="372" count="0" type="cond" truecount="0" falsecount="2"/>
      <line num="376" count="4" type="stmt"/>
      <line num="377" count="0" type="stmt"/>
      <line num="378" count="0" type="stmt"/>
      <line num="379" count="0" type="cond" truecount="0" falsecount="2"/>
      <line num="381" count="0" type="cond" truecount="0" falsecount="2"/>
      <line num="382" count="0" type="cond" truecount="0" falsecount="2"/>
      <line num="384" count="0" type="stmt"/>
      <line num="393" count="0" type="stmt"/>
      <line num="402" count="0" type="stmt"/>
      <line num="403" count="0" type="cond" truecount="0" falsecount="2"/>
      <line num="407" count="0" type="cond" truecount="0" falsecount="2"/>
      <line num="408" count="0" type="stmt"/>
      <line num="409" count="0" type="stmt"/>
      <line num="411" count="0" type="cond" truecount="0" falsecount="2"/>
      <line num="412" count="0" type="stmt"/>
      <line num="413" count="0" type="stmt"/>
      <line num="415" count="0" type="stmt"/>
      <line num="420" count="4" type="stmt"/>
      <line num="421" count="0" type="cond" truecount="0" falsecount="2"/>
      <line num="424" count="4" type="stmt"/>
      <line num="425" count="0" type="cond" truecount="0" falsecount="2"/>
      <line num="429" count="4" type="stmt"/>
      <line num="430" count="0" type="stmt"/>
      <line num="435" count="4" type="stmt"/>
      <line num="436" count="0" type="cond" truecount="0" falsecount="2"/>
      <line num="437" count="0" type="stmt"/>
      <line num="438" count="0" type="stmt"/>
      <line num="441" count="0" type="stmt"/>
      <line num="442" count="0" type="stmt"/>
      <line num="444" count="0" type="stmt"/>
      <line num="445" count="0" type="stmt"/>
      <line num="446" count="0" type="stmt"/>
      <line num="447" count="0" type="stmt"/>
      <line num="449" count="0" type="stmt"/>
      <line num="450" count="0" type="stmt"/>
      <line num="451" count="0" type="stmt"/>
      <line num="453" count="0" type="cond" truecount="0" falsecount="4"/>
      <line num="454" count="0" type="stmt"/>
      <line num="456" count="0" type="stmt"/>
      <line num="457" count="0" type="stmt"/>
      <line num="458" count="0" type="stmt"/>
      <line num="462" count="0" type="stmt"/>
      <line num="471" count="0" type="stmt"/>
      <line num="474" count="0" type="stmt"/>
      <line num="475" count="0" type="stmt"/>
      <line num="477" count="0" type="stmt"/>
      <line num="478" count="0" type="stmt"/>
      <line num="479" count="0" type="stmt"/>
      <line num="485" count="4" type="stmt"/>
      <line num="486" count="0" type="cond" truecount="0" falsecount="2"/>
      <line num="487" count="0" type="stmt"/>
      <line num="492" count="4" type="stmt"/>
      <line num="497" count="0" type="cond" truecount="0" falsecount="2"/>
      <line num="504" count="4" type="stmt"/>
      <line num="505" count="1" type="cond" truecount="1" falsecount="1"/>
      <line num="506" count="1" type="stmt"/>
      <line num="507" count="1" type="stmt"/>
      <line num="508" count="1" type="stmt"/>
      <line num="513" count="4" type="cond" truecount="3" falsecount="1"/>
      <line num="514" count="4" type="stmt"/>
    </file>
  </project>
</coverage>
