{"/Users/sudiptadeb/Documents/TechnicalPotpourri/GeminiConductor/Live-ISS-Tracker/public/js/app.js": {"path":"/Users/sudiptadeb/Documents/TechnicalPotpourri/GeminiConductor/Live-ISS-Tracker/public/js/app.js","statementMap":{"0":{"start":{"line":8,"column":14},"end":{"line":19,"column":1}},"1":{"start":{"line":23,"column":12},"end":{"line":28,"column":2}},"2":{"start":{"line":32,"column":18},"end":{"line":34,"column":13}},"3":{"start":{"line":36,"column":24},"end":{"line":43,"column":13}},"4":{"start":{"line":46,"column":0},"end":{"line":50,"column":14}},"5":{"start":{"line":59,"column":2},"end":{"line":87,"column":5}},"6":{"start":{"line":90,"column":0},"end":{"line":90,"column":36}},"7":{"start":{"line":95,"column":19},"end":{"line":98,"column":1}},"8":{"start":{"line":101,"column":2},"end":{"line":101,"column":52}},"9":{"start":{"line":101,"column":32},"end":{"line":101,"column":50}},"10":{"start":{"line":102,"column":2},"end":{"line":102,"column":24}},"11":{"start":{"line":106,"column":2},"end":{"line":106,"column":24}},"12":{"start":{"line":107,"column":17},"end":{"line":107,"column":32}},"13":{"start":{"line":108,"column":2},"end":{"line":117,"column":5}},"14":{"start":{"line":109,"column":4},"end":{"line":109,"column":31}},"15":{"start":{"line":109,"column":24},"end":{"line":109,"column":31}},"16":{"start":{"line":110,"column":18},"end":{"line":115,"column":17}},"17":{"start":{"line":116,"column":4},"end":{"line":116,"column":33}},"18":{"start":{"line":123,"column":13},"end":{"line":123,"column":17}},"19":{"start":{"line":124,"column":13},"end":{"line":124,"column":42}},"20":{"start":{"line":125,"column":13},"end":{"line":125,"column":42}},"21":{"start":{"line":126,"column":13},"end":{"line":128,"column":30}},"22":{"start":{"line":129,"column":2},"end":{"line":129,"column":60}},"23":{"start":{"line":135,"column":15},"end":{"line":135,"column":44}},"24":{"start":{"line":136,"column":15},"end":{"line":136,"column":35}},"25":{"start":{"line":137,"column":15},"end":{"line":137,"column":35}},"26":{"start":{"line":138,"column":15},"end":{"line":138,"column":45}},"27":{"start":{"line":139,"column":15},"end":{"line":139,"column":93}},"28":{"start":{"line":140,"column":2},"end":{"line":140,"column":58}},"29":{"start":{"line":146,"column":2},"end":{"line":146,"column":80}},"30":{"start":{"line":151,"column":11},"end":{"line":151,"column":44}},"31":{"start":{"line":151,"column":17},"end":{"line":151,"column":44}},"32":{"start":{"line":152,"column":11},"end":{"line":177,"column":1}},"33":{"start":{"line":182,"column":14},"end":{"line":182,"column":24}},"34":{"start":{"line":183,"column":14},"end":{"line":183,"column":56}},"35":{"start":{"line":184,"column":14},"end":{"line":184,"column":58}},"36":{"start":{"line":185,"column":14},"end":{"line":185,"column":58}},"37":{"start":{"line":186,"column":2},"end":{"line":186,"column":49}},"38":{"start":{"line":188,"column":0},"end":{"line":188,"column":31}},"39":{"start":{"line":189,"column":0},"end":{"line":189,"column":14}},"40":{"start":{"line":193,"column":20},"end":{"line":193,"column":22}},"41":{"start":{"line":196,"column":14},"end":{"line":196,"column":27}},"42":{"start":{"line":197,"column":14},"end":{"line":197,"column":28}},"43":{"start":{"line":200,"column":17},"end":{"line":200,"column":37}},"44":{"start":{"line":201,"column":2},"end":{"line":201,"column":61}},"45":{"start":{"line":204,"column":17},"end":{"line":204,"column":37}},"46":{"start":{"line":205,"column":2},"end":{"line":205,"column":61}},"47":{"start":{"line":208,"column":2},"end":{"line":212,"column":3}},"48":{"start":{"line":209,"column":4},"end":{"line":209,"column":55}},"49":{"start":{"line":211,"column":4},"end":{"line":211,"column":58}},"50":{"start":{"line":215,"column":2},"end":{"line":219,"column":3}},"51":{"start":{"line":216,"column":4},"end":{"line":216,"column":58}},"52":{"start":{"line":218,"column":4},"end":{"line":218,"column":57}},"53":{"start":{"line":222,"column":21},"end":{"line":222,"column":51}},"54":{"start":{"line":223,"column":2},"end":{"line":223,"column":66}},"55":{"start":{"line":224,"column":2},"end":{"line":224,"column":58}},"56":{"start":{"line":225,"column":2},"end":{"line":227,"column":38}},"57":{"start":{"line":230,"column":2},"end":{"line":230,"column":22}},"58":{"start":{"line":231,"column":2},"end":{"line":231,"column":62}},"59":{"start":{"line":233,"column":2},"end":{"line":237,"column":3}},"60":{"start":{"line":234,"column":14},"end":{"line":234,"column":83}},"61":{"start":{"line":235,"column":4},"end":{"line":235,"column":32}},"62":{"start":{"line":236,"column":4},"end":{"line":236,"column":69}},"63":{"start":{"line":240,"column":19},"end":{"line":240,"column":58}},"64":{"start":{"line":241,"column":2},"end":{"line":254,"column":3}},"65":{"start":{"line":242,"column":4},"end":{"line":242,"column":54}},"66":{"start":{"line":244,"column":4},"end":{"line":253,"column":56}},"67":{"start":{"line":245,"column":17},"end":{"line":245,"column":25}},"68":{"start":{"line":247,"column":18},"end":{"line":247,"column":25}},"69":{"start":{"line":248,"column":8},"end":{"line":249,"column":96}},"70":{"start":{"line":248,"column":24},"end":{"line":248,"column":41}},"71":{"start":{"line":249,"column":13},"end":{"line":249,"column":96}},"72":{"start":{"line":249,"column":31},"end":{"line":249,"column":96}},"73":{"start":{"line":250,"column":8},"end":{"line":250,"column":38}},"74":{"start":{"line":251,"column":8},"end":{"line":251,"column":38}},"75":{"start":{"line":253,"column":21},"end":{"line":253,"column":52}},"76":{"start":{"line":260,"column":15},"end":{"line":260,"column":28}},"77":{"start":{"line":261,"column":15},"end":{"line":261,"column":29}},"78":{"start":{"line":262,"column":17},"end":{"line":262,"column":35}},"79":{"start":{"line":265,"column":13},"end":{"line":265,"column":14}},"80":{"start":{"line":266,"column":2},"end":{"line":268,"column":3}},"81":{"start":{"line":267,"column":4},"end":{"line":267,"column":77}},"82":{"start":{"line":270,"column":2},"end":{"line":270,"column":30}},"83":{"start":{"line":271,"column":2},"end":{"line":271,"column":41}},"84":{"start":{"line":272,"column":2},"end":{"line":272,"column":36}},"85":{"start":{"line":275,"column":2},"end":{"line":277,"column":3}},"86":{"start":{"line":276,"column":4},"end":{"line":276,"column":63}},"87":{"start":{"line":279,"column":2},"end":{"line":281,"column":3}},"88":{"start":{"line":280,"column":4},"end":{"line":280,"column":56}},"89":{"start":{"line":283,"column":2},"end":{"line":283,"column":41}},"90":{"start":{"line":289,"column":15},"end":{"line":289,"column":30}},"91":{"start":{"line":290,"column":2},"end":{"line":290,"column":41}},"92":{"start":{"line":292,"column":2},"end":{"line":295,"column":3}},"93":{"start":{"line":293,"column":4},"end":{"line":293,"column":92}},"94":{"start":{"line":294,"column":4},"end":{"line":294,"column":11}},"95":{"start":{"line":297,"column":2},"end":{"line":299,"column":14}},"96":{"start":{"line":298,"column":14},"end":{"line":298,"column":52}},"97":{"start":{"line":304,"column":15},"end":{"line":304,"column":59}},"98":{"start":{"line":306,"column":0},"end":{"line":310,"column":3}},"99":{"start":{"line":307,"column":2},"end":{"line":307,"column":52}},"100":{"start":{"line":308,"column":2},"end":{"line":308,"column":36}},"101":{"start":{"line":309,"column":2},"end":{"line":309,"column":51}},"102":{"start":{"line":312,"column":0},"end":{"line":316,"column":3}},"103":{"start":{"line":313,"column":2},"end":{"line":313,"column":55}},"104":{"start":{"line":314,"column":2},"end":{"line":314,"column":39}},"105":{"start":{"line":315,"column":2},"end":{"line":315,"column":42}},"106":{"start":{"line":318,"column":0},"end":{"line":344,"column":3}},"107":{"start":{"line":320,"column":2},"end":{"line":322,"column":3}},"108":{"start":{"line":321,"column":4},"end":{"line":321,"column":39}},"109":{"start":{"line":325,"column":2},"end":{"line":340,"column":3}},"110":{"start":{"line":326,"column":19},"end":{"line":326,"column":58}},"111":{"start":{"line":329,"column":4},"end":{"line":329,"column":32}},"112":{"start":{"line":330,"column":4},"end":{"line":330,"column":38}},"113":{"start":{"line":331,"column":4},"end":{"line":333,"column":5}},"114":{"start":{"line":332,"column":6},"end":{"line":332,"column":65}},"115":{"start":{"line":336,"column":4},"end":{"line":336,"column":56}},"116":{"start":{"line":337,"column":4},"end":{"line":337,"column":70}},"117":{"start":{"line":339,"column":4},"end":{"line":339,"column":40}},"118":{"start":{"line":342,"column":2},"end":{"line":342,"column":24}},"119":{"start":{"line":343,"column":2},"end":{"line":343,"column":18}},"120":{"start":{"line":346,"column":0},"end":{"line":349,"column":3}},"121":{"start":{"line":347,"column":2},"end":{"line":347,"column":57}},"122":{"start":{"line":347,"column":19},"end":{"line":347,"column":57}},"123":{"start":{"line":348,"column":2},"end":{"line":348,"column":59}},"124":{"start":{"line":348,"column":19},"end":{"line":348,"column":59}},"125":{"start":{"line":351,"column":0},"end":{"line":351,"column":40}},"126":{"start":{"line":353,"column":0},"end":{"line":355,"column":3}},"127":{"start":{"line":354,"column":2},"end":{"line":354,"column":55}},"128":{"start":{"line":360,"column":0},"end":{"line":366,"column":3}},"129":{"start":{"line":361,"column":2},"end":{"line":365,"column":3}},"130":{"start":{"line":362,"column":4},"end":{"line":364,"column":7}},"131":{"start":{"line":369,"column":0},"end":{"line":373,"column":3}},"132":{"start":{"line":370,"column":2},"end":{"line":370,"column":37}},"133":{"start":{"line":371,"column":2},"end":{"line":371,"column":59}},"134":{"start":{"line":372,"column":2},"end":{"line":372,"column":78}},"135":{"start":{"line":376,"column":0},"end":{"line":417,"column":3}},"136":{"start":{"line":377,"column":2},"end":{"line":377,"column":51}},"137":{"start":{"line":378,"column":2},"end":{"line":378,"column":70}},"138":{"start":{"line":379,"column":2},"end":{"line":379,"column":90}},"139":{"start":{"line":381,"column":2},"end":{"line":416,"column":3}},"140":{"start":{"line":382,"column":4},"end":{"line":405,"column":5}},"141":{"start":{"line":384,"column":6},"end":{"line":389,"column":20}},"142":{"start":{"line":393,"column":6},"end":{"line":399,"column":20}},"143":{"start":{"line":402,"column":6},"end":{"line":404,"column":16}},"144":{"start":{"line":403,"column":8},"end":{"line":403,"column":77}},"145":{"start":{"line":403,"column":35},"end":{"line":403,"column":77}},"146":{"start":{"line":407,"column":4},"end":{"line":410,"column":5}},"147":{"start":{"line":408,"column":6},"end":{"line":408,"column":38}},"148":{"start":{"line":409,"column":6},"end":{"line":409,"column":28}},"149":{"start":{"line":411,"column":4},"end":{"line":414,"column":5}},"150":{"start":{"line":412,"column":6},"end":{"line":412,"column":45}},"151":{"start":{"line":413,"column":6},"end":{"line":413,"column":35}},"152":{"start":{"line":415,"column":4},"end":{"line":415,"column":44}},"153":{"start":{"line":420,"column":0},"end":{"line":422,"column":3}},"154":{"start":{"line":421,"column":2},"end":{"line":421,"column":55}},"155":{"start":{"line":424,"column":0},"end":{"line":426,"column":3}},"156":{"start":{"line":425,"column":2},"end":{"line":425,"column":58}},"157":{"start":{"line":429,"column":0},"end":{"line":431,"column":3}},"158":{"start":{"line":430,"column":2},"end":{"line":430,"column":38}},"159":{"start":{"line":435,"column":0},"end":{"line":481,"column":3}},"160":{"start":{"line":436,"column":2},"end":{"line":439,"column":3}},"161":{"start":{"line":437,"column":4},"end":{"line":437,"column":91}},"162":{"start":{"line":438,"column":4},"end":{"line":438,"column":11}},"163":{"start":{"line":441,"column":2},"end":{"line":441,"column":48}},"164":{"start":{"line":442,"column":2},"end":{"line":442,"column":35}},"165":{"start":{"line":444,"column":2},"end":{"line":480,"column":5}},"166":{"start":{"line":445,"column":16},"end":{"line":445,"column":35}},"167":{"start":{"line":446,"column":16},"end":{"line":446,"column":36}},"168":{"start":{"line":447,"column":4},"end":{"line":447,"column":58}},"169":{"start":{"line":449,"column":4},"end":{"line":472,"column":5}},"170":{"start":{"line":450,"column":19},"end":{"line":450,"column":71}},"171":{"start":{"line":451,"column":19},"end":{"line":451,"column":35}},"172":{"start":{"line":453,"column":6},"end":{"line":469,"column":7}},"173":{"start":{"line":454,"column":8},"end":{"line":454,"column":111}},"174":{"start":{"line":456,"column":8},"end":{"line":468,"column":20}},"175":{"start":{"line":457,"column":23},"end":{"line":457,"column":43}},"176":{"start":{"line":458,"column":26},"end":{"line":461,"column":12}},"177":{"start":{"line":462,"column":10},"end":{"line":467,"column":20}},"178":{"start":{"line":471,"column":6},"end":{"line":471,"column":93}},"179":{"start":{"line":474,"column":4},"end":{"line":474,"column":56}},"180":{"start":{"line":475,"column":4},"end":{"line":475,"column":38}},"181":{"start":{"line":477,"column":4},"end":{"line":477,"column":97}},"182":{"start":{"line":478,"column":4},"end":{"line":478,"column":56}},"183":{"start":{"line":479,"column":4},"end":{"line":479,"column":38}},"184":{"start":{"line":485,"column":0},"end":{"line":489,"column":3}},"185":{"start":{"line":486,"column":2},"end":{"line":488,"column":3}},"186":{"start":{"line":487,"column":4},"end":{"line":487,"column":40}},"187":{"start":{"line":492,"column":0},"end":{"line":501,"column":3}},"188":{"start":{"line":497,"column":2},"end":{"line":500,"column":3}},"189":{"start":{"line":504,"column":0},"end":{"line":510,"column":3}},"190":{"start":{"line":505,"column":2},"end":{"line":509,"column":3}},"191":{"start":{"line":506,"column":4},"end":{"line":506,"column":28}},"192":{"start":{"line":507,"column":4},"end":{"line":507,"column":44}},"193":{"start":{"line":508,"column":4},"end":{"line":508,"column":46}},"194":{"start":{"line":513,"column":0},"end":{"line":515,"column":1}},"195":{"start":{"line":514,"column":2},"end":{"line":514,"column":62}}},"fnMap":{"0":{"name":"createISSIcon","decl":{"start":{"line":58,"column":9},"end":{"line":58,"column":22}},"loc":{"start":{"line":58,"column":36},"end":{"line":88,"column":1}},"line":58},"1":{"name":"clearPathLayers","decl":{"start":{"line":100,"column":9},"end":{"line":100,"column":24}},"loc":{"start":{"line":100,"column":31},"end":{"line":103,"column":1}},"line":100},"2":{"name":"(anonymous_2)","decl":{"start":{"line":101,"column":27},"end":{"line":101,"column":28}},"loc":{"start":{"line":101,"column":32},"end":{"line":101,"column":50}},"line":101},"3":{"name":"drawPathSegments","decl":{"start":{"line":105,"column":9},"end":{"line":105,"column":25}},"loc":{"start":{"line":105,"column":42},"end":{"line":118,"column":1}},"line":105},"4":{"name":"(anonymous_4)","decl":{"start":{"line":108,"column":19},"end":{"line":108,"column":20}},"loc":{"start":{"line":108,"column":26},"end":{"line":117,"column":3}},"line":108},"5":{"name":"haversineKm","decl":{"start":{"line":122,"column":9},"end":{"line":122,"column":20}},"loc":{"start":{"line":122,"column":45},"end":{"line":130,"column":1}},"line":122},"6":{"name":"bearing","decl":{"start":{"line":134,"column":9},"end":{"line":134,"column":16}},"loc":{"start":{"line":134,"column":41},"end":{"line":141,"column":1}},"line":134},"7":{"name":"fmt","decl":{"start":{"line":145,"column":9},"end":{"line":145,"column":12}},"loc":{"start":{"line":145,"column":30},"end":{"line":147,"column":1}},"line":145},"8":{"name":"(anonymous_8)","decl":{"start":{"line":151,"column":11},"end":{"line":151,"column":12}},"loc":{"start":{"line":151,"column":17},"end":{"line":151,"column":44}},"line":151},"9":{"name":"updateClock","decl":{"start":{"line":181,"column":9},"end":{"line":181,"column":20}},"loc":{"start":{"line":181,"column":23},"end":{"line":187,"column":1}},"line":181},"10":{"name":"updateTelemetry","decl":{"start":{"line":195,"column":9},"end":{"line":195,"column":24}},"loc":{"start":{"line":195,"column":31},"end":{"line":255,"column":1}},"line":195},"11":{"name":"(anonymous_11)","decl":{"start":{"line":245,"column":12},"end":{"line":245,"column":13}},"loc":{"start":{"line":245,"column":17},"end":{"line":245,"column":25}},"line":245},"12":{"name":"(anonymous_12)","decl":{"start":{"line":246,"column":12},"end":{"line":246,"column":13}},"loc":{"start":{"line":246,"column":20},"end":{"line":252,"column":7}},"line":246},"13":{"name":"(anonymous_13)","decl":{"start":{"line":253,"column":13},"end":{"line":253,"column":14}},"loc":{"start":{"line":253,"column":19},"end":{"line":253,"column":54}},"line":253},"14":{"name":"updateMap","decl":{"start":{"line":259,"column":9},"end":{"line":259,"column":18}},"loc":{"start":{"line":259,"column":25},"end":{"line":284,"column":1}},"line":259},"15":{"name":"updateCrew","decl":{"start":{"line":288,"column":9},"end":{"line":288,"column":19}},"loc":{"start":{"line":288,"column":26},"end":{"line":300,"column":1}},"line":288},"16":{"name":"(anonymous_16)","decl":{"start":{"line":298,"column":9},"end":{"line":298,"column":10}},"loc":{"start":{"line":298,"column":14},"end":{"line":298,"column":52}},"line":298},"17":{"name":"(anonymous_17)","decl":{"start":{"line":306,"column":21},"end":{"line":306,"column":22}},"loc":{"start":{"line":306,"column":27},"end":{"line":310,"column":1}},"line":306},"18":{"name":"(anonymous_18)","decl":{"start":{"line":312,"column":24},"end":{"line":312,"column":25}},"loc":{"start":{"line":312,"column":30},"end":{"line":316,"column":1}},"line":312},"19":{"name":"(anonymous_19)","decl":{"start":{"line":318,"column":26},"end":{"line":318,"column":27}},"loc":{"start":{"line":318,"column":36},"end":{"line":344,"column":1}},"line":318},"20":{"name":"(anonymous_20)","decl":{"start":{"line":346,"column":30},"end":{"line":346,"column":31}},"loc":{"start":{"line":346,"column":40},"end":{"line":349,"column":1}},"line":346},"21":{"name":"(anonymous_21)","decl":{"start":{"line":353,"column":23},"end":{"line":353,"column":24}},"loc":{"start":{"line":353,"column":32},"end":{"line":355,"column":1}},"line":353},"22":{"name":"(anonymous_22)","decl":{"start":{"line":360,"column":39},"end":{"line":360,"column":40}},"loc":{"start":{"line":360,"column":45},"end":{"line":366,"column":1}},"line":360},"23":{"name":"(anonymous_23)","decl":{"start":{"line":369,"column":39},"end":{"line":369,"column":40}},"loc":{"start":{"line":369,"column":45},"end":{"line":373,"column":1}},"line":369},"24":{"name":"(anonymous_24)","decl":{"start":{"line":376,"column":43},"end":{"line":376,"column":44}},"loc":{"start":{"line":376,"column":49},"end":{"line":417,"column":1}},"line":376},"25":{"name":"(anonymous_25)","decl":{"start":{"line":402,"column":45},"end":{"line":402,"column":46}},"loc":{"start":{"line":402,"column":51},"end":{"line":404,"column":7}},"line":402},"26":{"name":"(anonymous_26)","decl":{"start":{"line":420,"column":39},"end":{"line":420,"column":40}},"loc":{"start":{"line":420,"column":45},"end":{"line":422,"column":1}},"line":420},"27":{"name":"(anonymous_27)","decl":{"start":{"line":424,"column":39},"end":{"line":424,"column":40}},"loc":{"start":{"line":424,"column":45},"end":{"line":426,"column":1}},"line":424},"28":{"name":"(anonymous_28)","decl":{"start":{"line":429,"column":43},"end":{"line":429,"column":44}},"loc":{"start":{"line":429,"column":49},"end":{"line":431,"column":1}},"line":429},"29":{"name":"(anonymous_29)","decl":{"start":{"line":435,"column":43},"end":{"line":435,"column":44}},"loc":{"start":{"line":435,"column":49},"end":{"line":481,"column":1}},"line":435},"30":{"name":"(anonymous_30)","decl":{"start":{"line":444,"column":43},"end":{"line":444,"column":44}},"loc":{"start":{"line":444,"column":58},"end":{"line":476,"column":3}},"line":444},"31":{"name":"(anonymous_31)","decl":{"start":{"line":456,"column":60},"end":{"line":456,"column":61}},"loc":{"start":{"line":456,"column":65},"end":{"line":468,"column":9}},"line":456},"32":{"name":"(anonymous_32)","decl":{"start":{"line":476,"column":5},"end":{"line":476,"column":6}},"loc":{"start":{"line":476,"column":14},"end":{"line":480,"column":3}},"line":476},"33":{"name":"(anonymous_33)","decl":{"start":{"line":485,"column":16},"end":{"line":485,"column":17}},"loc":{"start":{"line":485,"column":22},"end":{"line":489,"column":1}},"line":485},"34":{"name":"(anonymous_34)","decl":{"start":{"line":492,"column":20},"end":{"line":492,"column":21}},"loc":{"start":{"line":492,"column":27},"end":{"line":501,"column":1}},"line":492},"35":{"name":"(anonymous_35)","decl":{"start":{"line":504,"column":30},"end":{"line":504,"column":31}},"loc":{"start":{"line":504,"column":36},"end":{"line":510,"column":1}},"line":504}},"branchMap":{"0":{"loc":{"start":{"line":58,"column":23},"end":{"line":58,"column":34}},"type":"default-arg","locations":[{"start":{"line":58,"column":33},"end":{"line":58,"column":34}}],"line":58},"1":{"loc":{"start":{"line":109,"column":4},"end":{"line":109,"column":31}},"type":"if","locations":[{"start":{"line":109,"column":4},"end":{"line":109,"column":31}},{"start":{},"end":{}}],"line":109},"2":{"loc":{"start":{"line":111,"column":17},"end":{"line":111,"column":47}},"type":"cond-expr","locations":[{"start":{"line":111,"column":26},"end":{"line":111,"column":35}},{"start":{"line":111,"column":38},"end":{"line":111,"column":47}}],"line":111},"3":{"loc":{"start":{"line":112,"column":17},"end":{"line":112,"column":31}},"type":"cond-expr","locations":[{"start":{"line":112,"column":26},"end":{"line":112,"column":27}},{"start":{"line":112,"column":30},"end":{"line":112,"column":31}}],"line":112},"4":{"loc":{"start":{"line":113,"column":17},"end":{"line":113,"column":36}},"type":"cond-expr","locations":[{"start":{"line":113,"column":26},"end":{"line":113,"column":30}},{"start":{"line":113,"column":33},"end":{"line":113,"column":36}}],"line":113},"5":{"loc":{"start":{"line":114,"column":17},"end":{"line":114,"column":39}},"type":"cond-expr","locations":[{"start":{"line":114,"column":26},"end":{"line":114,"column":30}},{"start":{"line":114,"column":33},"end":{"line":114,"column":39}}],"line":114},"6":{"loc":{"start":{"line":145,"column":16},"end":{"line":145,"column":28}},"type":"default-arg","locations":[{"start":{"line":145,"column":27},"end":{"line":145,"column":28}}],"line":145},"7":{"loc":{"start":{"line":200,"column":17},"end":{"line":200,"column":37}},"type":"cond-expr","locations":[{"start":{"line":200,"column":28},"end":{"line":200,"column":31}},{"start":{"line":200,"column":34},"end":{"line":200,"column":37}}],"line":200},"8":{"loc":{"start":{"line":204,"column":17},"end":{"line":204,"column":37}},"type":"cond-expr","locations":[{"start":{"line":204,"column":28},"end":{"line":204,"column":31}},{"start":{"line":204,"column":34},"end":{"line":204,"column":37}}],"line":204},"9":{"loc":{"start":{"line":208,"column":2},"end":{"line":212,"column":3}},"type":"if","locations":[{"start":{"line":208,"column":2},"end":{"line":212,"column":3}},{"start":{"line":210,"column":9},"end":{"line":212,"column":3}}],"line":208},"10":{"loc":{"start":{"line":215,"column":2},"end":{"line":219,"column":3}},"type":"if","locations":[{"start":{"line":215,"column":2},"end":{"line":219,"column":3}},{"start":{"line":217,"column":9},"end":{"line":219,"column":3}}],"line":215},"11":{"loc":{"start":{"line":223,"column":23},"end":{"line":223,"column":65}},"type":"cond-expr","locations":[{"start":{"line":223,"column":36},"end":{"line":223,"column":49}},{"start":{"line":223,"column":52},"end":{"line":223,"column":65}}],"line":223},"12":{"loc":{"start":{"line":224,"column":23},"end":{"line":224,"column":57}},"type":"cond-expr","locations":[{"start":{"line":224,"column":36},"end":{"line":224,"column":45}},{"start":{"line":224,"column":48},"end":{"line":224,"column":57}}],"line":224},"13":{"loc":{"start":{"line":225,"column":28},"end":{"line":227,"column":37}},"type":"cond-expr","locations":[{"start":{"line":226,"column":6},"end":{"line":226,"column":36}},{"start":{"line":227,"column":6},"end":{"line":227,"column":37}}],"line":225},"14":{"loc":{"start":{"line":233,"column":2},"end":{"line":237,"column":3}},"type":"if","locations":[{"start":{"line":233,"column":2},"end":{"line":237,"column":3}},{"start":{},"end":{}}],"line":233},"15":{"loc":{"start":{"line":241,"column":2},"end":{"line":254,"column":3}},"type":"if","locations":[{"start":{"line":241,"column":2},"end":{"line":254,"column":3}},{"start":{"line":243,"column":9},"end":{"line":254,"column":3}}],"line":241},"16":{"loc":{"start":{"line":248,"column":8},"end":{"line":249,"column":96}},"type":"if","locations":[{"start":{"line":248,"column":8},"end":{"line":249,"column":96}},{"start":{"line":249,"column":13},"end":{"line":249,"column":96}}],"line":248},"17":{"loc":{"start":{"line":249,"column":13},"end":{"line":249,"column":96}},"type":"if","locations":[{"start":{"line":249,"column":13},"end":{"line":249,"column":96}},{"start":{},"end":{}}],"line":249},"18":{"loc":{"start":{"line":249,"column":37},"end":{"line":249,"column":95}},"type":"cond-expr","locations":[{"start":{"line":249,"column":49},"end":{"line":249,"column":80}},{"start":{"line":249,"column":83},"end":{"line":249,"column":95}}],"line":249},"19":{"loc":{"start":{"line":266,"column":2},"end":{"line":268,"column":3}},"type":"if","locations":[{"start":{"line":266,"column":2},"end":{"line":268,"column":3}},{"start":{},"end":{}}],"line":266},"20":{"loc":{"start":{"line":275,"column":2},"end":{"line":277,"column":3}},"type":"if","locations":[{"start":{"line":275,"column":2},"end":{"line":277,"column":3}},{"start":{},"end":{}}],"line":275},"21":{"loc":{"start":{"line":279,"column":2},"end":{"line":281,"column":3}},"type":"if","locations":[{"start":{"line":279,"column":2},"end":{"line":281,"column":3}},{"start":{},"end":{}}],"line":279},"22":{"loc":{"start":{"line":289,"column":15},"end":{"line":289,"column":30}},"type":"binary-expr","locations":[{"start":{"line":289,"column":15},"end":{"line":289,"column":24}},{"start":{"line":289,"column":28},"end":{"line":289,"column":30}}],"line":289},"23":{"loc":{"start":{"line":292,"column":2},"end":{"line":295,"column":3}},"type":"if","locations":[{"start":{"line":292,"column":2},"end":{"line":295,"column":3}},{"start":{},"end":{}}],"line":292},"24":{"loc":{"start":{"line":320,"column":2},"end":{"line":322,"column":3}},"type":"if","locations":[{"start":{"line":320,"column":2},"end":{"line":322,"column":3}},{"start":{},"end":{}}],"line":320},"25":{"loc":{"start":{"line":320,"column":6},"end":{"line":320,"column":60}},"type":"binary-expr","locations":[{"start":{"line":320,"column":6},"end":{"line":320,"column":16}},{"start":{"line":320,"column":20},"end":{"line":320,"column":60}}],"line":320},"26":{"loc":{"start":{"line":325,"column":2},"end":{"line":340,"column":3}},"type":"if","locations":[{"start":{"line":325,"column":2},"end":{"line":340,"column":3}},{"start":{},"end":{}}],"line":325},"27":{"loc":{"start":{"line":331,"column":4},"end":{"line":333,"column":5}},"type":"if","locations":[{"start":{"line":331,"column":4},"end":{"line":333,"column":5}},{"start":{},"end":{}}],"line":331},"28":{"loc":{"start":{"line":347,"column":2},"end":{"line":347,"column":57}},"type":"if","locations":[{"start":{"line":347,"column":2},"end":{"line":347,"column":57}},{"start":{},"end":{}}],"line":347},"29":{"loc":{"start":{"line":348,"column":2},"end":{"line":348,"column":59}},"type":"if","locations":[{"start":{"line":348,"column":2},"end":{"line":348,"column":59}},{"start":{},"end":{}}],"line":348},"30":{"loc":{"start":{"line":361,"column":2},"end":{"line":365,"column":3}},"type":"if","locations":[{"start":{"line":361,"column":2},"end":{"line":365,"column":3}},{"start":{},"end":{}}],"line":361},"31":{"loc":{"start":{"line":372,"column":29},"end":{"line":372,"column":77}},"type":"cond-expr","locations":[{"start":{"line":372,"column":47},"end":{"line":372,"column":60}},{"start":{"line":372,"column":63},"end":{"line":372,"column":77}}],"line":372},"32":{"loc":{"start":{"line":379,"column":33},"end":{"line":379,"column":89}},"type":"cond-expr","locations":[{"start":{"line":379,"column":58},"end":{"line":379,"column":72}},{"start":{"line":379,"column":75},"end":{"line":379,"column":89}}],"line":379},"33":{"loc":{"start":{"line":381,"column":2},"end":{"line":416,"column":3}},"type":"if","locations":[{"start":{"line":381,"column":2},"end":{"line":416,"column":3}},{"start":{"line":406,"column":9},"end":{"line":416,"column":3}}],"line":381},"34":{"loc":{"start":{"line":382,"column":4},"end":{"line":405,"column":5}},"type":"if","locations":[{"start":{"line":382,"column":4},"end":{"line":405,"column":5}},{"start":{},"end":{}}],"line":382},"35":{"loc":{"start":{"line":403,"column":8},"end":{"line":403,"column":77}},"type":"if","locations":[{"start":{"line":403,"column":8},"end":{"line":403,"column":77}},{"start":{},"end":{}}],"line":403},"36":{"loc":{"start":{"line":407,"column":4},"end":{"line":410,"column":5}},"type":"if","locations":[{"start":{"line":407,"column":4},"end":{"line":410,"column":5}},{"start":{},"end":{}}],"line":407},"37":{"loc":{"start":{"line":411,"column":4},"end":{"line":414,"column":5}},"type":"if","locations":[{"start":{"line":411,"column":4},"end":{"line":414,"column":5}},{"start":{},"end":{}}],"line":411},"38":{"loc":{"start":{"line":421,"column":18},"end":{"line":421,"column":54}},"type":"cond-expr","locations":[{"start":{"line":421,"column":43},"end":{"line":421,"column":47}},{"start":{"line":421,"column":50},"end":{"line":421,"column":54}}],"line":421},"39":{"loc":{"start":{"line":425,"column":18},"end":{"line":425,"column":57}},"type":"cond-expr","locations":[{"start":{"line":425,"column":44},"end":{"line":425,"column":49}},{"start":{"line":425,"column":52},"end":{"line":425,"column":57}}],"line":425},"40":{"loc":{"start":{"line":436,"column":2},"end":{"line":439,"column":3}},"type":"if","locations":[{"start":{"line":436,"column":2},"end":{"line":439,"column":3}},{"start":{},"end":{}}],"line":436},"41":{"loc":{"start":{"line":453,"column":6},"end":{"line":469,"column":7}},"type":"if","locations":[{"start":{"line":453,"column":6},"end":{"line":469,"column":7}},{"start":{"line":455,"column":13},"end":{"line":469,"column":7}}],"line":453},"42":{"loc":{"start":{"line":453,"column":10},"end":{"line":453,"column":45}},"type":"binary-expr","locations":[{"start":{"line":453,"column":10},"end":{"line":453,"column":22}},{"start":{"line":453,"column":26},"end":{"line":453,"column":45}}],"line":453},"43":{"loc":{"start":{"line":486,"column":2},"end":{"line":488,"column":3}},"type":"if","locations":[{"start":{"line":486,"column":2},"end":{"line":488,"column":3}},{"start":{},"end":{}}],"line":486},"44":{"loc":{"start":{"line":497,"column":2},"end":{"line":500,"column":3}},"type":"if","locations":[{"start":{"line":497,"column":2},"end":{"line":500,"column":3}},{"start":{},"end":{}}],"line":497},"45":{"loc":{"start":{"line":505,"column":2},"end":{"line":509,"column":3}},"type":"if","locations":[{"start":{"line":505,"column":2},"end":{"line":509,"column":3}},{"start":{},"end":{}}],"line":505},"46":{"loc":{"start":{"line":513,"column":0},"end":{"line":515,"column":1}},"type":"if","locations":[{"start":{"line":513,"column":0},"end":{"line":515,"column":1}},{"start":{},"end":{}}],"line":513},"47":{"loc":{"start":{"line":513,"column":4},"end":{"line":513,"column":51}},"type":"binary-expr","locations":[{"start":{"line":513,"column":4},"end":{"line":513,"column":33}},{"start":{"line":513,"column":37},"end":{"line":513,"column":51}}],"line":513}},"s":{"0":4,"1":4,"2":4,"3":4,"4":4,"5":9,"6":4,"7":4,"8":0,"9":0,"10":0,"11":0,"12":0,"13":0,"14":0,"15":0,"16":0,"17":0,"18":2,"19":2,"20":2,"21":2,"22":2,"23":2,"24":2,"25":2,"26":2,"27":2,"28":2,"29":22,"30":4,"31":96,"32":4,"33":4,"34":4,"35":4,"36":4,"37":4,"38":4,"39":4,"40":4,"41":5,"42":5,"43":5,"44":5,"45":5,"46":5,"47":5,"48":5,"49":0,"50":5,"51":5,"52":0,"53":5,"54":5,"55":5,"56":5,"57":5,"58":5,"59":5,"60":2,"61":2,"62":2,"63":5,"64":5,"65":0,"66":5,"67":5,"68":5,"69":5,"70":0,"71":5,"72":5,"73":5,"74":5,"75":0,"76":5,"77":5,"78":5,"79":5,"80":5,"81":2,"82":5,"83":5,"84":5,"85":5,"86":1,"87":5,"88":2,"89":5,"90":0,"91":0,"92":0,"93":0,"94":0,"95":0,"96":0,"97":4,"98":4,"99":0,"100":0,"101":0,"102":4,"103":0,"104":0,"105":0,"106":4,"107":5,"108":1,"109":5,"110":3,"111":3,"112":3,"113":3,"114":1,"115":3,"116":3,"117":3,"118":5,"119":5,"120":4,"121":0,"122":0,"123":0,"124":0,"125":4,"126":4,"127":0,"128":4,"129":0,"130":0,"131":4,"132":0,"133":0,"134":0,"135":4,"136":0,"137":0,"138":0,"139":0,"140":0,"141":0,"142":0,"143":0,"144":0,"145":0,"146":0,"147":0,"148":0,"149":0,"150":0,"151":0,"152":0,"153":4,"154":0,"155":4,"156":0,"157":4,"158":0,"159":4,"160":0,"161":0,"162":0,"163":0,"164":0,"165":0,"166":0,"167":0,"168":0,"169":0,"170":0,"171":0,"172":0,"173":0,"174":0,"175":0,"176":0,"177":0,"178":0,"179":0,"180":0,"181":0,"182":0,"183":0,"184":4,"185":0,"186":0,"187":4,"188":0,"189":4,"190":1,"191":1,"192":1,"193":1,"194":4,"195":4},"f":{"0":9,"1":0,"2":0,"3":0,"4":0,"5":2,"6":2,"7":22,"8":96,"9":4,"10":5,"11":5,"12":5,"13":0,"14":5,"15":0,"16":0,"17":0,"18":0,"19":5,"20":0,"21":0,"22":0,"23":0,"24":0,"25":0,"26":0,"27":0,"28":0,"29":0,"30":0,"31":0,"32":0,"33":0,"34":0,"35":1},"b":{"0":[0],"1":[0,0],"2":[0,0],"3":[0,0],"4":[0,0],"5":[0,0],"6":[10],"7":[5,0],"8":[0,5],"9":[5,0],"10":[5,0],"11":[1,4],"12":[1,4],"13":[1,4],"14":[2,3],"15":[0,5],"16":[0,5],"17":[5,0],"18":[5,0],"19":[2,3],"20":[1,4],"21":[2,3],"22":[0,0],"23":[0,0],"24":[1,4],"25":[5,5],"26":[3,2],"27":[1,2],"28":[0,0],"29":[0,0],"30":[0,0],"31":[0,0],"32":[0,0],"33":[0,0],"34":[0,0],"35":[0,0],"36":[0,0],"37":[0,0],"38":[0,0],"39":[0,0],"40":[0,0],"41":[0,0],"42":[0,0],"43":[0,0],"44":[0,0],"45":[1,0],"46":[4,0],"47":[4,4]},"_coverageSchema":"1a1c01bbd47fc00a2c39e90264f33305004495a9","hash":"b66e6b355b0382e0ec4b76aafa5d0a7e2e97b117"}
}
