TN:
SF:public/js/app.js
FN:58,createISSIcon
FN:100,clearPathLayers
FN:101,(anonymous_2)
FN:105,drawPathSegments
FN:108,(anonymous_4)
FN:122,haversineKm
FN:134,bearing
FN:145,fmt
FN:151,(anonymous_8)
FN:181,updateClock
FN:195,updateTelemetry
FN:245,(anonymous_11)
FN:246,(anonymous_12)
FN:253,(anonymous_13)
FN:259,updateMap
FN:288,updateCrew
FN:298,(anonymous_16)
FN:306,(anonymous_17)
FN:312,(anonymous_18)
FN:318,(anonymous_19)
FN:346,(anonymous_20)
FN:353,(anonymous_21)
FN:360,(anonymous_22)
FN:369,(anonymous_23)
FN:376,(anonymous_24)
FN:402,(anonymous_25)
FN:420,(anonymous_26)
FN:424,(anonymous_27)
FN:429,(anonymous_28)
FN:435,(anonymous_29)
FN:444,(anonymous_30)
FN:456,(anonymous_31)
FN:476,(anonymous_32)
FN:485,(anonymous_33)
FN:492,(anonymous_34)
FN:504,(anonymous_35)
FNF:36
FNH:12
FNDA:9,createISSIcon
FNDA:0,clearPathLayers
FNDA:0,(anonymous_2)
FNDA:0,drawPathSegments
FNDA:0,(anonymous_4)
FNDA:2,haversineKm
FNDA:2,bearing
FNDA:22,fmt
FNDA:96,(anonymous_8)
FNDA:4,updateClock
FNDA:5,updateTelemetry
FNDA:5,(anonymous_11)
FNDA:5,(anonymous_12)
FNDA:0,(anonymous_13)
FNDA:5,updateMap
FNDA:0,updateCrew
FNDA:0,(anonymous_16)
FNDA:0,(anonymous_17)
FNDA:0,(anonymous_18)
FNDA:5,(anonymous_19)
FNDA:0,(anonymous_20)
FNDA:0,(anonymous_21)
FNDA:0,(anonymous_22)
FNDA:0,(anonymous_23)
FNDA:0,(anonymous_24)
FNDA:0,(anonymous_25)
FNDA:0,(anonymous_26)
FNDA:0,(anonymous_27)
FNDA:0,(anonymous_28)
FNDA:0,(anonymous_29)
FNDA:0,(anonymous_30)
FNDA:0,(anonymous_31)
FNDA:0,(anonymous_32)
FNDA:0,(anonymous_33)
FNDA:0,(anonymous_34)
FNDA:1,(anonymous_35)
DA:8,4
DA:23,4
DA:32,4
DA:36,4
DA:46,4
DA:59,9
DA:90,4
DA:95,4
DA:101,0
DA:102,0
DA:106,0
DA:107,0
DA:108,0
DA:109,0
DA:110,0
DA:116,0
DA:123,2
DA:124,2
DA:125,2
DA:126,2
DA:129,2
DA:135,2
DA:136,2
DA:137,2
DA:138,2
DA:139,2
DA:140,2
DA:146,22
DA:151,96
DA:152,4
DA:182,4
DA:183,4
DA:184,4
DA:185,4
DA:186,4
DA:188,4
DA:189,4
DA:193,4
DA:196,5
DA:197,5
DA:200,5
DA:201,5
DA:204,5
DA:205,5
DA:208,5
DA:209,5
DA:211,0
DA:215,5
DA:216,5
DA:218,0
DA:222,5
DA:223,5
DA:224,5
DA:225,5
DA:230,5
DA:231,5
DA:233,5
DA:234,2
DA:235,2
DA:236,2
DA:240,5
DA:241,5
DA:242,0
DA:244,5
DA:245,5
DA:247,5
DA:248,5
DA:249,5
DA:250,5
DA:251,5
DA:253,0
DA:260,5
DA:261,5
DA:262,5
DA:265,5
DA:266,5
DA:267,2
DA:270,5
DA:271,5
DA:272,5
DA:275,5
DA:276,1
DA:279,5
DA:280,2
DA:283,5
DA:289,0
DA:290,0
DA:292,0
DA:293,0
DA:294,0
DA:297,0
DA:298,0
DA:304,4
DA:306,4
DA:307,0
DA:308,0
DA:309,0
DA:312,4
DA:313,0
DA:314,0
DA:315,0
DA:318,4
DA:320,5
DA:321,1
DA:325,5
DA:326,3
DA:329,3
DA:330,3
DA:331,3
DA:332,1
DA:336,3
DA:337,3
DA:339,3
DA:342,5
DA:343,5
DA:346,4
DA:347,0
DA:348,0
DA:351,4
DA:353,4
DA:354,0
DA:360,4
DA:361,0
DA:362,0
DA:369,4
DA:370,0
DA:371,0
DA:372,0
DA:376,4
DA:377,0
DA:378,0
DA:379,0
DA:381,0
DA:382,0
DA:384,0
DA:393,0
DA:402,0
DA:403,0
DA:407,0
DA:408,0
DA:409,0
DA:411,0
DA:412,0
DA:413,0
DA:415,0
DA:420,4
DA:421,0
DA:424,4
DA:425,0
DA:429,4
DA:430,0
DA:435,4
DA:436,0
DA:437,0
DA:438,0
DA:441,0
DA:442,0
DA:444,0
DA:445,0
DA:446,0
DA:447,0
DA:449,0
DA:450,0
DA:451,0
DA:453,0
DA:454,0
DA:456,0
DA:457,0
DA:458,0
DA:462,0
DA:471,0
DA:474,0
DA:475,0
DA:477,0
DA:478,0
DA:479,0
DA:485,4
DA:486,0
DA:487,0
DA:492,4
DA:497,0
DA:504,4
DA:505,1
DA:506,1
DA:507,1
DA:508,1
DA:513,4
DA:514,4
LF:188
LH:109
BRDA:58,0,0,0
BRDA:109,1,0,0
BRDA:109,1,1,0
BRDA:111,2,0,0
BRDA:111,2,1,0
BRDA:112,3,0,0
BRDA:112,3,1,0
BRDA:113,4,0,0
BRDA:113,4,1,0
BRDA:114,5,0,0
BRDA:114,5,1,0
BRDA:145,6,0,10
BRDA:200,7,0,5
BRDA:200,7,1,0
BRDA:204,8,0,0
BRDA:204,8,1,5
BRDA:208,9,0,5
BRDA:208,9,1,0
BRDA:215,10,0,5
BRDA:215,10,1,0
BRDA:223,11,0,1
BRDA:223,11,1,4
BRDA:224,12,0,1
BRDA:224,12,1,4
BRDA:225,13,0,1
BRDA:225,13,1,4
BRDA:233,14,0,2
BRDA:233,14,1,3
BRDA:241,15,0,0
BRDA:241,15,1,5
BRDA:248,16,0,0
BRDA:248,16,1,5
BRDA:249,17,0,5
BRDA:249,17,1,0
BRDA:249,18,0,5
BRDA:249,18,1,0
BRDA:266,19,0,2
BRDA:266,19,1,3
BRDA:275,20,0,1
BRDA:275,20,1,4
BRDA:279,21,0,2
BRDA:279,21,1,3
BRDA:289,22,0,0
BRDA:289,22,1,0
BRDA:292,23,0,0
BRDA:292,23,1,0
BRDA:320,24,0,1
BRDA:320,24,1,4
BRDA:320,25,0,5
BRDA:320,25,1,5
BRDA:325,26,0,3
BRDA:325,26,1,2
BRDA:331,27,0,1
BRDA:331,27,1,2
BRDA:347,28,0,0
BRDA:347,28,1,0
BRDA:348,29,0,0
BRDA:348,29,1,0
BRDA:361,30,0,0
BRDA:361,30,1,0
BRDA:372,31,0,0
BRDA:372,31,1,0
BRDA:379,32,0,0
BRDA:379,32,1,0
BRDA:381,33,0,0
BRDA:381,33,1,0
BRDA:382,34,0,0
BRDA:382,34,1,0
BRDA:403,35,0,0
BRDA:403,35,1,0
BRDA:407,36,0,0
BRDA:407,36,1,0
BRDA:411,37,0,0
BRDA:411,37,1,0
BRDA:421,38,0,0
BRDA:421,38,1,0
BRDA:425,39,0,0
BRDA:425,39,1,0
BRDA:436,40,0,0
BRDA:436,40,1,0
BRDA:453,41,0,0
BRDA:453,41,1,0
BRDA:453,42,0,0
BRDA:453,42,1,0
BRDA:486,43,0,0
BRDA:486,43,1,0
BRDA:497,44,0,0
BRDA:497,44,1,0
BRDA:505,45,0,1
BRDA:505,45,1,0
BRDA:513,46,0,4
BRDA:513,46,1,0
BRDA:513,47,0,4
BRDA:513,47,1,4
BRF:94
BRH:35
end_of_record
